<?xml version="1.0" encoding="UTF-8"?>
<!-- Generated by org.testng.reporters.JUnitReportReporter -->
<testsuite hostname="LAPTOP-CD3RMF5C" failures="0" tests="1" name="defaultPackage.mouresAndLogoutTest" time="32.969" errors="0" timestamp="2022-12-19T23:42:27 CET" skipped="0">
  <testcase classname="defaultPackage.mouresAndLogoutTest" name="runScenario" time="32.969"/>
  <system-out/>
</testsuite> <!-- defaultPackage.mouresAndLogoutTest -->
