<?xml version="1.0" encoding="UTF-8"?>
<!-- Generated by org.testng.reporters.JUnitReportReporter -->
<testsuite hostname="LAPTOP-CD3RMF5C" failures="0" tests="4" name="defaultPackage.customerLogin" time="77.683" errors="0" timestamp="2022-12-19T22:40:28 CET" skipped="0">
  <testcase classname="defaultPackage.customerLogin" name="runScenario" time="21.751"/>
  <system-out/>
  <testcase classname="defaultPackage.customerLogin" name="runScenario" time="22.440"/>
  <system-out/>
  <testcase classname="defaultPackage.customerLogin" name="runScenario" time="7.229"/>
  <system-out/>
  <testcase classname="defaultPackage.customerLogin" name="runScenario" time="26.263"/>
  <system-out/>
</testsuite> <!-- defaultPackage.customerLogin -->
