<?xml version="1.0" encoding="UTF-8"?>
<!-- Generated by org.testng.reporters.JUnitReportReporter -->
<testsuite hostname="LAPTOP-CD3RMF5C" failures="0" tests="4" name="defaultPackage.Company" time="52.265" errors="0" timestamp="2022-12-19T23:19:07 CET" skipped="0">
  <testcase classname="defaultPackage.Company" name="runScenario" time="26.287"/>
  <system-out/>
  <testcase classname="defaultPackage.Company" name="runScenario" time="8.760"/>
  <system-out/>
  <testcase classname="defaultPackage.Company" name="runScenario" time="9.879"/>
  <system-out/>
  <testcase classname="defaultPackage.Company" name="runScenario" time="7.339"/>
  <system-out/>
</testsuite> <!-- defaultPackage.Company -->
