<?xml version="1.0" encoding="UTF-8"?>
<!-- Generated by org.testng.reporters.JUnitReportReporter -->
<testsuite hostname="LAPTOP-CD3RMF5C" failures="0" tests="1" name="defaultPackage.modificarconfTest" time="25.141" errors="0" timestamp="2022-12-17T17:45:22 CET" skipped="0">
  <testcase classname="defaultPackage.modificarconfTest" name="runScenario" time="25.141"/>
  <system-out/>
</testsuite> <!-- defaultPackage.modificarconfTest -->
