<?xml version="1.0" encoding="UTF-8"?>
<!-- Generated by org.testng.reporters.JUnitReportReporter -->
<testsuite hostname="LAPTOP-CD3RMF5C" failures="0" tests="2" name="defaultPackage.reservaHotelTest" time="39.538" errors="0" timestamp="2022-12-14T09:49:40 CET" skipped="0">
  <testcase classname="defaultPackage.reservaHotelTest" name="runScenario" time="22.475"/>
  <system-out/>
  <testcase classname="defaultPackage.reservaHotelTest" name="runScenario" time="17.063"/>
  <system-out/>
</testsuite> <!-- defaultPackage.reservaHotelTest -->
