<?xml version="1.0" encoding="UTF-8"?>
<!-- Generated by org.testng.reporters.JUnitReportReporter -->
<testsuite hostname="LAPTOP-CD3RMF5C" failures="0" tests="4" name="defaultPackage.reservaTest" time="109.326" errors="0" timestamp="2022-12-16T17:45:40 CET" skipped="0">
  <testcase classname="defaultPackage.reservaTest" name="runScenario" time="25.900"/>
  <system-out/>
  <testcase classname="defaultPackage.reservaTest" name="runScenario" time="28.852"/>
  <system-out/>
  <testcase classname="defaultPackage.reservaTest" name="runScenario" time="26.783"/>
  <system-out/>
  <testcase classname="defaultPackage.reservaTest" name="runScenario" time="27.791"/>
  <system-out/>
</testsuite> <!-- defaultPackage.reservaTest -->
