<?xml version="1.0" encoding="UTF-8"?>
<!-- Generated by org.testng.reporters.JUnitReportReporter -->
<testsuite hostname="LAPTOP-CD3RMF5C" failures="0" tests="1" name="defaultPackage.RunDressTest" time="12.548" errors="0" timestamp="2022-12-05T15:17:44 CET" skipped="0">
  <testcase classname="defaultPackage.RunDressTest" name="runScenario" time="12.548"/>
  <system-out/>
</testsuite> <!-- defaultPackage.RunDressTest -->
