<?xml version="1.0" encoding="UTF-8"?>
<!-- Generated by org.testng.reporters.JUnitReportReporter -->
<testsuite hostname="LAPTOP-CD3RMF5C" failures="0" tests="4" name="defaultPackage.reservaTest" time="136.975" errors="0" timestamp="2022-12-19T13:03:29 CET" skipped="0">
  <testcase classname="defaultPackage.reservaTest" name="runScenario" time="32.196"/>
  <system-out/>
  <testcase classname="defaultPackage.reservaTest" name="runScenario" time="32.138"/>
  <system-out/>
  <testcase classname="defaultPackage.reservaTest" name="runScenario" time="43.272"/>
  <system-out/>
  <testcase classname="defaultPackage.reservaTest" name="runScenario" time="29.369"/>
  <system-out/>
</testsuite> <!-- defaultPackage.reservaTest -->
