<?xml version="1.0" encoding="UTF-8"?>
<!-- Generated by org.testng.reporters.JUnitReportReporter -->
<testsuite hostname="Abel" failures="0" tests="1" name="defaultPackage.modificarconfTest" time="6.317" errors="1" timestamp="2022-12-19T16:15:44 CET" skipped="0">
  <testcase classname="defaultPackage.modificarconfTest" name="runScenario" time="6.317">
    <error message="The step &#039;Apreto idioma//*[@id=&quot;fadein&quot;]/section[2]/div/div/div[2]/div/div/div/div[1]/div/div[8]/divand//*[@id=&quot;fadein&quot;]/header/div/div/div/div/div/div[2]/div/div[2]/div[2]/div/ul/li[4]/a&#039; and 2 other step(s) are undefined.
You can implement these steps using the snippet(s) below:

@When(&quot;Apreto idioma\\/\\/*[@id={string}]\\/section[{int}]\\/div\\/div\\/div[{int}]\\/div\\/div\\/div\\/div[{int}]\\/div\\/div[{int}]\\/divand\\/\\/*[@id={string}]\\/header\\/div\\/div\\/div\\/div\\/div\\/div[{int}]\\/div\\/div[{int}]\\/div[{int}]\\/div\\/ul\\/li[{int}]\\/a&quot;)
public void apreto_idioma_id_section_div_div_div_div_div_div_div_div_div_divand_id_header_div_div_div_div_div_div_div_div_div_div_ul_li_a(String string, Integer int1, Integer int2, Integer int3, Integer int4, String string2, Integer int5, Integer int6, Integer int7, Integer int8) {
    // Write code here that turns the phrase above into concrete actions
    throw new io.cucumber.java.PendingException();
}
@Then(&quot;Entrar en la seccio de prova \\/\\/*[@id={string}], per tant estem en \\/\\/*[@id={string}]&quot;)
public void entrar_en_la_seccio_de_prova_id_per_tant_estem_en_id(String string, String string2) {
    // Write code here that turns the phrase above into concrete actions
    throw new io.cucumber.java.PendingException();
}
@Then(&quot;Close modificar&quot;)
public void close_modificar() {
    // Write code here that turns the phrase above into concrete actions
    throw new io.cucumber.java.PendingException();
}
" type="io.cucumber.testng.UndefinedStepException">
      <![CDATA[io.cucumber.testng.UndefinedStepException: The step 'Apreto idioma//*[@id="fadein"]/section[2]/div/div/div[2]/div/div/div/div[1]/div/div[8]/divand//*[@id="fadein"]/header/div/div/div/div/div/div[2]/div/div[2]/div[2]/div/ul/li[4]/a' and 2 other step(s) are undefined.
You can implement these steps using the snippet(s) below:

@When("Apreto idioma\\/\\/*[@id={string}]\\/section[{int}]\\/div\\/div\\/div[{int}]\\/div\\/div\\/div\\/div[{int}]\\/div\\/div[{int}]\\/divand\\/\\/*[@id={string}]\\/header\\/div\\/div\\/div\\/div\\/div\\/div[{int}]\\/div\\/div[{int}]\\/div[{int}]\\/div\\/ul\\/li[{int}]\\/a")
public void apreto_idioma_id_section_div_div_div_div_div_div_div_div_div_divand_id_header_div_div_div_div_div_div_div_div_div_div_ul_li_a(String string, Integer int1, Integer int2, Integer int3, Integer int4, String string2, Integer int5, Integer int6, Integer int7, Integer int8) {
    // Write code here that turns the phrase above into concrete actions
    throw new io.cucumber.java.PendingException();
}
@Then("Entrar en la seccio de prova \\/\\/*[@id={string}], per tant estem en \\/\\/*[@id={string}]")
public void entrar_en_la_seccio_de_prova_id_per_tant_estem_en_id(String string, String string2) {
    // Write code here that turns the phrase above into concrete actions
    throw new io.cucumber.java.PendingException();
}
@Then("Close modificar")
public void close_modificar() {
    // Write code here that turns the phrase above into concrete actions
    throw new io.cucumber.java.PendingException();
}

at io.cucumber.core.runtime.TestCaseResultObserver.assertTestCasePassed(TestCaseResultObserver.java:69)
at io.cucumber.testng.TestCaseResultObserver.assertTestCasePassed(TestCaseResultObserver.java:23)
at io.cucumber.testng.TestNGCucumberRunner.lambda$runScenario$1(TestNGCucumberRunner.java:133)
at io.cucumber.core.runtime.CucumberExecutionContext.lambda$runTestCase$5(CucumberExecutionContext.java:129)
at io.cucumber.core.runtime.RethrowingThrowableCollector.executeAndThrow(RethrowingThrowableCollector.java:23)
at io.cucumber.core.runtime.CucumberExecutionContext.runTestCase(CucumberExecutionContext.java:129)
at io.cucumber.testng.TestNGCucumberRunner.runScenario(TestNGCucumberRunner.java:129)
at io.cucumber.testng.AbstractTestNGCucumberTests.runScenario(AbstractTestNGCucumberTests.java:35)
at java.base/jdk.internal.reflect.NativeMethodAccessorImpl.invoke0(Native Method)
at java.base/jdk.internal.reflect.NativeMethodAccessorImpl.invoke(NativeMethodAccessorImpl.java:77)
at java.base/jdk.internal.reflect.DelegatingMethodAccessorImpl.invoke(DelegatingMethodAccessorImpl.java:43)
at java.base/java.lang.reflect.Method.invoke(Method.java:568)
at org.testng.internal.invokers.MethodInvocationHelper.invokeMethod(MethodInvocationHelper.java:139)
at org.testng.internal.invokers.TestInvoker.invokeMethod(TestInvoker.java:677)
at org.testng.internal.invokers.TestInvoker.invokeTestMethod(TestInvoker.java:221)
at org.testng.internal.invokers.MethodRunner.runInSequence(MethodRunner.java:50)
at org.testng.internal.invokers.TestInvoker$MethodInvocationAgent.invoke(TestInvoker.java:962)
at org.testng.internal.invokers.TestInvoker.invokeTestMethods(TestInvoker.java:194)
at org.testng.internal.invokers.TestMethodWorker.invokeTestMethods(TestMethodWorker.java:148)
at org.testng.internal.invokers.TestMethodWorker.run(TestMethodWorker.java:128)
at java.base/java.util.ArrayList.forEach(ArrayList.java:1511)
at org.testng.TestRunner.privateRun(TestRunner.java:806)
at org.testng.TestRunner.run(TestRunner.java:601)
at org.testng.SuiteRunner.runTest(SuiteRunner.java:433)
at org.testng.SuiteRunner.runSequentially(SuiteRunner.java:427)
at org.testng.SuiteRunner.privateRun(SuiteRunner.java:387)
at org.testng.SuiteRunner.run(SuiteRunner.java:330)
at org.testng.SuiteRunnerWorker.runSuite(SuiteRunnerWorker.java:52)
at org.testng.SuiteRunnerWorker.run(SuiteRunnerWorker.java:95)
at org.testng.TestNG.runSuitesSequentially(TestNG.java:1256)
at org.testng.TestNG.runSuitesLocally(TestNG.java:1176)
at org.testng.TestNG.runSuites(TestNG.java:1099)
at org.testng.TestNG.run(TestNG.java:1067)
at org.testng.remote.AbstractRemoteTestNG.run(AbstractRemoteTestNG.java:115)
at org.testng.remote.RemoteTestNG.initAndRun(RemoteTestNG.java:251)
at org.testng.remote.RemoteTestNG.main(RemoteTestNG.java:77)
]]>
    </error>
  </testcase> <!-- runScenario -->
  <system-out/>
</testsuite> <!-- defaultPackage.modificarconfTest -->
