<?xml version="1.0" encoding="UTF-8"?>
<!-- Generated by org.testng.reporters.JUnitReportReporter -->
<testsuite hostname="LAPTOP-CD3RMF5C" failures="0" tests="11" name="defaultPackage.Pagaments" time="233.636" errors="0" timestamp="2022-12-19T15:29:52 CET" skipped="0">
  <testcase classname="defaultPackage.Pagaments" name="runScenario" time="29.251"/>
  <system-out/>
  <testcase classname="defaultPackage.Pagaments" name="runScenario" time="13.885"/>
  <system-out/>
  <testcase classname="defaultPackage.Pagaments" name="runScenario" time="29.448"/>
  <system-out/>
  <testcase classname="defaultPackage.Pagaments" name="runScenario" time="33.720"/>
  <system-out/>
  <testcase classname="defaultPackage.Pagaments" name="runScenario" time="5.639"/>
  <system-out/>
  <testcase classname="defaultPackage.Pagaments" name="runScenario" time="28.906"/>
  <system-out/>
  <testcase classname="defaultPackage.Pagaments" name="runScenario" time="33.367"/>
  <system-out/>
  <testcase classname="defaultPackage.Pagaments" name="runScenario" time="14.342"/>
  <system-out/>
  <testcase classname="defaultPackage.Pagaments" name="runScenario" time="8.347"/>
  <system-out/>
  <testcase classname="defaultPackage.Pagaments" name="runScenario" time="7.314"/>
  <system-out/>
  <testcase classname="defaultPackage.Pagaments" name="runScenario" time="29.417"/>
  <system-out/>
</testsuite> <!-- defaultPackage.Pagaments -->
