<?xml version="1.0" encoding="UTF-8"?>
<!-- Generated by org.testng.reporters.JUnitReportReporter -->
<testsuite hostname="LAPTOP-CD3RMF5C" failures="0" tests="4" name="defaultPackage.reservaTest" time="125.411" errors="0" timestamp="2022-12-15T20:25:24 CET" skipped="0">
  <testcase classname="defaultPackage.reservaTest" name="runScenario" time="34.803"/>
  <system-out/>
  <testcase classname="defaultPackage.reservaTest" name="runScenario" time="31.609"/>
  <system-out/>
  <testcase classname="defaultPackage.reservaTest" name="runScenario" time="32.332"/>
  <system-out/>
  <testcase classname="defaultPackage.reservaTest" name="runScenario" time="26.667"/>
  <system-out/>
</testsuite> <!-- defaultPackage.reservaTest -->
