<?xml version="1.0" encoding="UTF-8"?>
<!-- Generated by org.testng.reporters.JUnitReportReporter -->
<testsuite hostname="LAPTOP-CD3RMF5C" failures="0" tests="1" name="defaultPackage.RunDressTest" time="0.234" errors="0" timestamp="2022-12-05T11:10:05 CET" skipped="0">
  <testcase classname="defaultPackage.RunDressTest" name="runScenario" time="0.234"/>
  <system-out/>
</testsuite> <!-- defaultPackage.RunDressTest -->
