<?xml version="1.0" encoding="UTF-8"?>
<!-- Generated by org.testng.reporters.JUnitReportReporter -->
<testsuite hostname="LAPTOP-CD3RMF5C" failures="3" tests="3" name="defaultPackage.Pagaments" time="80.278" errors="0" timestamp="2022-12-17T13:37:58 CET" skipped="0">
  <testcase classname="defaultPackage.Pagaments" name="runScenario" time="20.305">
    <failure message="expected [true] but found [false]" type="java.lang.AssertionError">
      <![CDATA[java.lang.AssertionError: expected [true] but found [false]
at org.testng.Assert.fail(Assert.java:110)
at org.testng.Assert.failNotEquals(Assert.java:1413)
at org.testng.Assert.assertTrue(Assert.java:56)
at org.testng.Assert.assertTrue(Assert.java:66)
at steps.pagamentsSteps.iValidateTheBookingInfo(pagamentsSteps.java:83)
at ✽.I validate the general info aaaa, bbbbbbbb, a@aaa, 11223, aaaaaa, Pay Later(file:///C:/Users/Oriol/eclipse-workspace/TQS-P2/src/test/java/features/pagaments.feature:29)
]]>
    </failure>
  </testcase> <!-- runScenario -->
  <system-out/>
  <testcase classname="defaultPackage.Pagaments" name="runScenario" time="42.431">
    <failure message="expected [true] but found [false]" type="java.lang.AssertionError">
      <![CDATA[java.lang.AssertionError: expected [true] but found [false]
at org.testng.Assert.fail(Assert.java:110)
at org.testng.Assert.failNotEquals(Assert.java:1413)
at org.testng.Assert.assertTrue(Assert.java:56)
at org.testng.Assert.assertTrue(Assert.java:66)
at steps.pagamentsSteps.iValidateTheBookingInfo(pagamentsSteps.java:83)
at ✽.I validate the general info aaaa, bbbbbbbb, a@aaa, 11223, aaaaaa, Pay Later(file:///C:/Users/Oriol/eclipse-workspace/TQS-P2/src/test/java/features/pagaments.feature:48)
]]>
    </failure>
  </testcase> <!-- runScenario -->
  <system-out/>
  <testcase classname="defaultPackage.Pagaments" name="runScenario" time="17.542">
    <failure message="expected [true] but found [false]" type="java.lang.AssertionError">
      <![CDATA[java.lang.AssertionError: expected [true] but found [false]
at org.testng.Assert.fail(Assert.java:110)
at org.testng.Assert.failNotEquals(Assert.java:1413)
at org.testng.Assert.assertTrue(Assert.java:56)
at org.testng.Assert.assertTrue(Assert.java:66)
at steps.pagamentsSteps.iValidateTheBookingInfo(pagamentsSteps.java:83)
at ✽.I validate the general info aaaa, bbbbbbbb, a@aaa, 11223, aaaaaa, Pay Later(file:///C:/Users/Oriol/eclipse-workspace/TQS-P2/src/test/java/features/pagaments.feature:14)
]]>
    </failure>
  </testcase> <!-- runScenario -->
  <system-out/>
</testsuite> <!-- defaultPackage.Pagaments -->
