<?xml version="1.0" encoding="UTF-8"?>
<!-- Generated by org.testng.reporters.JUnitReportReporter -->
<testsuite hostname="LAPTOP-CD3RMF5C" failures="0" tests="2" name="defaultPackage.modificarconfTest" time="58.638" errors="0" timestamp="2022-12-19T21:24:30 CET" skipped="0">
  <testcase classname="defaultPackage.modificarconfTest" name="runScenario" time="18.934"/>
  <system-out/>
  <testcase classname="defaultPackage.modificarconfTest" name="runScenario" time="39.704"/>
  <system-out/>
</testsuite> <!-- defaultPackage.modificarconfTest -->
